20:51:33.326 logback [HikariPool-1 housekeeper] WARN  com.zaxxer.hikari.pool.HikariPool - HikariPool-1 - Thread starvation or clock leap detected (housekeeper delta=1h9m29s575ms20µs100ns).
20:54:28.389 logback [HikariPool-1 housekeeper] WARN  com.zaxxer.hikari.pool.HikariPool - HikariPool-1 - Thread starvation or clock leap detected (housekeeper delta=2m55s63ms320µs799ns).
20:54:28.414 logback [kafka-coordinator-heartbeat-thread | updatesmssendhistorystatus] INFO  o.a.k.c.c.i.AbstractCoordinator - [Consumer clientId=consumer-2, groupId=updatesmssendhistorystatus] Group coordinator 192.168.31.166:9092 (id: 2147483647 rack: null) is unavailable or invalid, will attempt rediscovery
20:54:28.428 logback [kafka-coordinator-heartbeat-thread | addreplymessage] INFO  o.a.k.c.c.i.AbstractCoordinator - [Consumer clientId=consumer-4, groupId=addreplymessage] Group coordinator 192.168.31.166:9092 (id: 2147483647 rack: null) is unavailable or invalid, will attempt rediscovery
20:54:39.023 logback [restartedMain] INFO  work.bg.server.ServerApplicationKt - Starting ServerApplicationKt on LAPTOP-CIG17QRO with PID 6400 (D:\do\bgserver\out\production\classes started by ouyang in D:\do\bgserver)
20:54:39.025 logback [restartedMain] INFO  work.bg.server.ServerApplicationKt - No active profile set, falling back to default profiles: default
20:54:39.113 logback [restartedMain] INFO  o.s.b.d.e.DevToolsPropertyDefaultsPostProcessor - For additional web related logging consider setting the 'logging.level.web' property to 'DEBUG'
20:54:41.565 logback [restartedMain] INFO  w.b.s.c.spring.boot.model.AppModel - AppModel load start at Wed Aug 28 20:54:41 GMT+08:00 2019
20:54:57.410 logback [restartedMain] INFO  o.s.c.s.PostProcessorRegistrationDelegate$BeanPostProcessorChecker - Bean 'org.springframework.kafka.annotation.KafkaBootstrapConfiguration' of type [org.springframework.kafka.annotation.KafkaBootstrapConfiguration$$EnhancerBySpringCGLIB$$f145c505] is not eligible for getting processed by all BeanPostProcessors (for example: not eligible for auto-proxying)
20:54:57.914 logback [restartedMain] INFO  o.s.c.s.PostProcessorRegistrationDelegate$BeanPostProcessorChecker - Bean 'org.springframework.transaction.annotation.ProxyTransactionManagementConfiguration' of type [org.springframework.transaction.annotation.ProxyTransactionManagementConfiguration$$EnhancerBySpringCGLIB$$1d93b382] is not eligible for getting processed by all BeanPostProcessors (for example: not eligible for auto-proxying)
20:55:01.299 logback [restartedMain] INFO  o.s.b.w.e.tomcat.TomcatWebServer - Tomcat initialized with port(s): 8090 (http)
20:55:01.427 logback [restartedMain] INFO  o.a.coyote.http11.Http11NioProtocol - Initializing ProtocolHandler ["http-nio-127.0.0.1-8090"]
20:55:01.539 logback [restartedMain] INFO  o.a.catalina.core.StandardService - Starting service [Tomcat]
20:55:01.539 logback [restartedMain] INFO  o.a.catalina.core.StandardEngine - Starting Servlet engine: [Apache Tomcat/9.0.21]
20:55:02.669 logback [restartedMain] INFO  o.a.c.c.C.[Tomcat].[localhost].[/] - Initializing Spring embedded WebApplicationContext
20:55:02.669 logback [restartedMain] INFO  o.s.web.context.ContextLoader - Root WebApplicationContext: initialization completed in 23556 ms
20:55:05.134 logback [restartedMain] INFO  com.zaxxer.hikari.HikariDataSource - HikariPool-1 - Starting...
20:55:05.679 logback [restartedMain] INFO  com.zaxxer.hikari.HikariDataSource - HikariPool-1 - Start completed.
20:55:10.526 logback [restartedMain] INFO  w.b.s.ServerApplication$$EnhancerBySpringCGLIB$$bbc056d5 - bg.work server start Wed Aug 28 20:55:10 GMT+08:00 2019
20:55:11.474 logback [restartedMain] INFO  org.quartz.impl.StdSchedulerFactory - Using default implementation for ThreadExecutor
20:55:11.545 logback [restartedMain] INFO  o.quartz.core.SchedulerSignalerImpl - Initialized Scheduler Signaller of type: class org.quartz.core.SchedulerSignalerImpl
20:55:11.546 logback [restartedMain] INFO  org.quartz.core.QuartzScheduler - Quartz Scheduler v.2.3.1 created.
20:55:11.562 logback [restartedMain] INFO  o.s.s.quartz.LocalDataSourceJobStore - Using db table-based data access locking (synchronization).
20:55:11.575 logback [restartedMain] INFO  o.s.s.quartz.LocalDataSourceJobStore - JobStoreCMT initialized.
20:55:11.579 logback [restartedMain] INFO  org.quartz.core.QuartzScheduler - Scheduler meta-data: Quartz Scheduler (v2.3.1) 'quartzScheduler' with instanceId 'NON_CLUSTERED'
  Scheduler class: 'org.quartz.core.QuartzScheduler' - running locally.
  NOT STARTED.
  Currently in standby mode.
  Number of jobs executed: 0
  Using thread pool 'org.quartz.simpl.SimpleThreadPool' - with 10 threads.
  Using job-store 'org.springframework.scheduling.quartz.LocalDataSourceJobStore' - which supports persistence. and is not clustered.

20:55:11.579 logback [restartedMain] INFO  org.quartz.impl.StdSchedulerFactory - Quartz scheduler 'quartzScheduler' initialized from an externally provided properties instance.
20:55:11.579 logback [restartedMain] INFO  org.quartz.impl.StdSchedulerFactory - Quartz scheduler version: 2.3.1
20:55:11.580 logback [restartedMain] INFO  org.quartz.core.QuartzScheduler - JobFactory set to: org.springframework.scheduling.quartz.SpringBeanJobFactory@5e28368b
20:55:14.969 logback [restartedMain] INFO  o.s.s.c.ThreadPoolTaskExecutor - Initializing ExecutorService 'applicationTaskExecutor'
20:55:23.585 logback [restartedMain] INFO  o.s.b.a.w.s.WelcomePageHandlerMapping - Adding welcome page: class path resource [static/index.html]
20:55:28.053 logback [restartedMain] INFO  o.s.b.d.a.OptionalLiveReloadServer - LiveReload server is running on port 35729
20:55:28.193 logback [restartedMain] INFO  o.s.b.a.e.web.EndpointLinksResolver - Exposing 16 endpoint(s) beneath base path '/actuator'
20:55:29.955 logback [restartedMain] INFO  o.a.k.c.consumer.ConsumerConfig - ConsumerConfig values: 
	auto.commit.interval.ms = 5000
	auto.offset.reset = latest
	bootstrap.servers = [192.168.31.166:9092]
	check.crcs = true
	client.id = 
	connections.max.idle.ms = 540000
	default.api.timeout.ms = 60000
	enable.auto.commit = true
	exclude.internal.topics = true
	fetch.max.bytes = 52428800
	fetch.max.wait.ms = 500
	fetch.min.bytes = 1
	group.id = updatesmssendhistorystatus
	heartbeat.interval.ms = 3000
	interceptor.classes = []
	internal.leave.group.on.close = true
	isolation.level = read_uncommitted
	key.deserializer = class org.apache.kafka.common.serialization.StringDeserializer
	max.partition.fetch.bytes = 1048576
	max.poll.interval.ms = 300000
	max.poll.records = 500
	metadata.max.age.ms = 300000
	metric.reporters = []
	metrics.num.samples = 2
	metrics.recording.level = INFO
	metrics.sample.window.ms = 30000
	partition.assignment.strategy = [class org.apache.kafka.clients.consumer.RangeAssignor]
	receive.buffer.bytes = 65536
	reconnect.backoff.max.ms = 1000
	reconnect.backoff.ms = 50
	request.timeout.ms = 30000
	retry.backoff.ms = 100
	sasl.client.callback.handler.class = null
	sasl.jaas.config = null
	sasl.kerberos.kinit.cmd = /usr/bin/kinit
	sasl.kerberos.min.time.before.relogin = 60000
	sasl.kerberos.service.name = null
	sasl.kerberos.ticket.renew.jitter = 0.05
	sasl.kerberos.ticket.renew.window.factor = 0.8
	sasl.login.callback.handler.class = null
	sasl.login.class = null
	sasl.login.refresh.buffer.seconds = 300
	sasl.login.refresh.min.period.seconds = 60
	sasl.login.refresh.window.factor = 0.8
	sasl.login.refresh.window.jitter = 0.05
	sasl.mechanism = GSSAPI
	security.protocol = PLAINTEXT
	send.buffer.bytes = 131072
	session.timeout.ms = 10000
	ssl.cipher.suites = null
	ssl.enabled.protocols = [TLSv1.2, TLSv1.1, TLSv1]
	ssl.endpoint.identification.algorithm = https
	ssl.key.password = null
	ssl.keymanager.algorithm = SunX509
	ssl.keystore.location = null
	ssl.keystore.password = null
	ssl.keystore.type = JKS
	ssl.protocol = TLS
	ssl.provider = null
	ssl.secure.random.implementation = null
	ssl.trustmanager.algorithm = PKIX
	ssl.truststore.location = null
	ssl.truststore.password = null
	ssl.truststore.type = JKS
	value.deserializer = class org.apache.kafka.common.serialization.StringDeserializer

20:55:30.566 logback [restartedMain] INFO  o.a.kafka.common.utils.AppInfoParser - Kafka version : 2.0.1
20:55:30.566 logback [restartedMain] INFO  o.a.kafka.common.utils.AppInfoParser - Kafka commitId : fa14705e51bd2ce5
20:55:31.568 logback [restartedMain] INFO  org.apache.kafka.clients.Metadata - Cluster ID: 9RUVHYxyQ1mHbVJ7K9J2NQ
20:55:31.681 logback [restartedMain] INFO  o.a.k.c.consumer.ConsumerConfig - ConsumerConfig values: 
	auto.commit.interval.ms = 5000
	auto.offset.reset = latest
	bootstrap.servers = [192.168.31.166:9092]
	check.crcs = true
	client.id = 
	connections.max.idle.ms = 540000
	default.api.timeout.ms = 60000
	enable.auto.commit = true
	exclude.internal.topics = true
	fetch.max.bytes = 52428800
	fetch.max.wait.ms = 500
	fetch.min.bytes = 1
	group.id = updatesmssendhistorystatus
	heartbeat.interval.ms = 3000
	interceptor.classes = []
	internal.leave.group.on.close = true
	isolation.level = read_uncommitted
	key.deserializer = class org.apache.kafka.common.serialization.StringDeserializer
	max.partition.fetch.bytes = 1048576
	max.poll.interval.ms = 300000
	max.poll.records = 500
	metadata.max.age.ms = 300000
	metric.reporters = []
	metrics.num.samples = 2
	metrics.recording.level = INFO
	metrics.sample.window.ms = 30000
	partition.assignment.strategy = [class org.apache.kafka.clients.consumer.RangeAssignor]
	receive.buffer.bytes = 65536
	reconnect.backoff.max.ms = 1000
	reconnect.backoff.ms = 50
	request.timeout.ms = 30000
	retry.backoff.ms = 100
	sasl.client.callback.handler.class = null
	sasl.jaas.config = null
	sasl.kerberos.kinit.cmd = /usr/bin/kinit
	sasl.kerberos.min.time.before.relogin = 60000
	sasl.kerberos.service.name = null
	sasl.kerberos.ticket.renew.jitter = 0.05
	sasl.kerberos.ticket.renew.window.factor = 0.8
	sasl.login.callback.handler.class = null
	sasl.login.class = null
	sasl.login.refresh.buffer.seconds = 300
	sasl.login.refresh.min.period.seconds = 60
	sasl.login.refresh.window.factor = 0.8
	sasl.login.refresh.window.jitter = 0.05
	sasl.mechanism = GSSAPI
	security.protocol = PLAINTEXT
	send.buffer.bytes = 131072
	session.timeout.ms = 10000
	ssl.cipher.suites = null
	ssl.enabled.protocols = [TLSv1.2, TLSv1.1, TLSv1]
	ssl.endpoint.identification.algorithm = https
	ssl.key.password = null
	ssl.keymanager.algorithm = SunX509
	ssl.keystore.location = null
	ssl.keystore.password = null
	ssl.keystore.type = JKS
	ssl.protocol = TLS
	ssl.provider = null
	ssl.secure.random.implementation = null
	ssl.trustmanager.algorithm = PKIX
	ssl.truststore.location = null
	ssl.truststore.password = null
	ssl.truststore.type = JKS
	value.deserializer = class org.apache.kafka.common.serialization.StringDeserializer

20:55:31.756 logback [restartedMain] INFO  o.a.kafka.common.utils.AppInfoParser - Kafka version : 2.0.1
20:55:31.757 logback [restartedMain] INFO  o.a.kafka.common.utils.AppInfoParser - Kafka commitId : fa14705e51bd2ce5
20:55:31.772 logback [restartedMain] INFO  o.s.s.c.ThreadPoolTaskScheduler - Initializing ExecutorService
20:55:31.809 logback [restartedMain] INFO  o.a.k.c.consumer.ConsumerConfig - ConsumerConfig values: 
	auto.commit.interval.ms = 5000
	auto.offset.reset = latest
	bootstrap.servers = [192.168.31.166:9092]
	check.crcs = true
	client.id = 
	connections.max.idle.ms = 540000
	default.api.timeout.ms = 60000
	enable.auto.commit = true
	exclude.internal.topics = true
	fetch.max.bytes = 52428800
	fetch.max.wait.ms = 500
	fetch.min.bytes = 1
	group.id = addreplymessage
	heartbeat.interval.ms = 3000
	interceptor.classes = []
	internal.leave.group.on.close = true
	isolation.level = read_uncommitted
	key.deserializer = class org.apache.kafka.common.serialization.StringDeserializer
	max.partition.fetch.bytes = 1048576
	max.poll.interval.ms = 300000
	max.poll.records = 500
	metadata.max.age.ms = 300000
	metric.reporters = []
	metrics.num.samples = 2
	metrics.recording.level = INFO
	metrics.sample.window.ms = 30000
	partition.assignment.strategy = [class org.apache.kafka.clients.consumer.RangeAssignor]
	receive.buffer.bytes = 65536
	reconnect.backoff.max.ms = 1000
	reconnect.backoff.ms = 50
	request.timeout.ms = 30000
	retry.backoff.ms = 100
	sasl.client.callback.handler.class = null
	sasl.jaas.config = null
	sasl.kerberos.kinit.cmd = /usr/bin/kinit
	sasl.kerberos.min.time.before.relogin = 60000
	sasl.kerberos.service.name = null
	sasl.kerberos.ticket.renew.jitter = 0.05
	sasl.kerberos.ticket.renew.window.factor = 0.8
	sasl.login.callback.handler.class = null
	sasl.login.class = null
	sasl.login.refresh.buffer.seconds = 300
	sasl.login.refresh.min.period.seconds = 60
	sasl.login.refresh.window.factor = 0.8
	sasl.login.refresh.window.jitter = 0.05
	sasl.mechanism = GSSAPI
	security.protocol = PLAINTEXT
	send.buffer.bytes = 131072
	session.timeout.ms = 10000
	ssl.cipher.suites = null
	ssl.enabled.protocols = [TLSv1.2, TLSv1.1, TLSv1]
	ssl.endpoint.identification.algorithm = https
	ssl.key.password = null
	ssl.keymanager.algorithm = SunX509
	ssl.keystore.location = null
	ssl.keystore.password = null
	ssl.keystore.type = JKS
	ssl.protocol = TLS
	ssl.provider = null
	ssl.secure.random.implementation = null
	ssl.trustmanager.algorithm = PKIX
	ssl.truststore.location = null
	ssl.truststore.password = null
	ssl.truststore.type = JKS
	value.deserializer = class org.apache.kafka.common.serialization.StringDeserializer

20:55:31.855 logback [org.springframework.kafka.KafkaListenerEndpointContainer#0-0-C-1] INFO  org.apache.kafka.clients.Metadata - Cluster ID: 9RUVHYxyQ1mHbVJ7K9J2NQ
20:55:31.856 logback [org.springframework.kafka.KafkaListenerEndpointContainer#0-0-C-1] INFO  o.a.k.c.c.i.AbstractCoordinator - [Consumer clientId=consumer-2, groupId=updatesmssendhistorystatus] Discovered group coordinator 192.168.31.166:9092 (id: 2147483647 rack: null)
20:55:31.870 logback [org.springframework.kafka.KafkaListenerEndpointContainer#0-0-C-1] INFO  o.a.k.c.c.i.ConsumerCoordinator - [Consumer clientId=consumer-2, groupId=updatesmssendhistorystatus] Revoking previously assigned partitions []
20:55:31.871 logback [org.springframework.kafka.KafkaListenerEndpointContainer#0-0-C-1] INFO  o.s.k.l.KafkaMessageListenerContainer - partitions revoked: []
20:55:31.872 logback [org.springframework.kafka.KafkaListenerEndpointContainer#0-0-C-1] INFO  o.a.k.c.c.i.AbstractCoordinator - [Consumer clientId=consumer-2, groupId=updatesmssendhistorystatus] (Re-)joining group
20:55:31.894 logback [restartedMain] INFO  o.a.kafka.common.utils.AppInfoParser - Kafka version : 2.0.1
20:55:31.894 logback [restartedMain] INFO  o.a.kafka.common.utils.AppInfoParser - Kafka commitId : fa14705e51bd2ce5
20:55:31.910 logback [restartedMain] INFO  org.apache.kafka.clients.Metadata - Cluster ID: 9RUVHYxyQ1mHbVJ7K9J2NQ
20:55:31.925 logback [org.springframework.kafka.KafkaListenerEndpointContainer#0-0-C-1] INFO  o.a.k.c.c.i.AbstractCoordinator - [Consumer clientId=consumer-2, groupId=updatesmssendhistorystatus] Successfully joined group with generation 242
20:55:31.930 logback [org.springframework.kafka.KafkaListenerEndpointContainer#0-0-C-1] INFO  o.a.k.c.c.i.ConsumerCoordinator - [Consumer clientId=consumer-2, groupId=updatesmssendhistorystatus] Setting newly assigned partitions [smsreceivesubmitanddeliverstatus-0]
20:55:31.947 logback [org.springframework.kafka.KafkaListenerEndpointContainer#0-0-C-1] INFO  o.s.k.l.KafkaMessageListenerContainer - partitions assigned: [smsreceivesubmitanddeliverstatus-0]
20:55:31.947 logback [restartedMain] INFO  o.a.k.c.consumer.ConsumerConfig - ConsumerConfig values: 
	auto.commit.interval.ms = 5000
	auto.offset.reset = latest
	bootstrap.servers = [192.168.31.166:9092]
	check.crcs = true
	client.id = 
	connections.max.idle.ms = 540000
	default.api.timeout.ms = 60000
	enable.auto.commit = true
	exclude.internal.topics = true
	fetch.max.bytes = 52428800
	fetch.max.wait.ms = 500
	fetch.min.bytes = 1
	group.id = addreplymessage
	heartbeat.interval.ms = 3000
	interceptor.classes = []
	internal.leave.group.on.close = true
	isolation.level = read_uncommitted
	key.deserializer = class org.apache.kafka.common.serialization.StringDeserializer
	max.partition.fetch.bytes = 1048576
	max.poll.interval.ms = 300000
	max.poll.records = 500
	metadata.max.age.ms = 300000
	metric.reporters = []
	metrics.num.samples = 2
	metrics.recording.level = INFO
	metrics.sample.window.ms = 30000
	partition.assignment.strategy = [class org.apache.kafka.clients.consumer.RangeAssignor]
	receive.buffer.bytes = 65536
	reconnect.backoff.max.ms = 1000
	reconnect.backoff.ms = 50
	request.timeout.ms = 30000
	retry.backoff.ms = 100
	sasl.client.callback.handler.class = null
	sasl.jaas.config = null
	sasl.kerberos.kinit.cmd = /usr/bin/kinit
	sasl.kerberos.min.time.before.relogin = 60000
	sasl.kerberos.service.name = null
	sasl.kerberos.ticket.renew.jitter = 0.05
	sasl.kerberos.ticket.renew.window.factor = 0.8
	sasl.login.callback.handler.class = null
	sasl.login.class = null
	sasl.login.refresh.buffer.seconds = 300
	sasl.login.refresh.min.period.seconds = 60
	sasl.login.refresh.window.factor = 0.8
	sasl.login.refresh.window.jitter = 0.05
	sasl.mechanism = GSSAPI
	security.protocol = PLAINTEXT
	send.buffer.bytes = 131072
	session.timeout.ms = 10000
	ssl.cipher.suites = null
	ssl.enabled.protocols = [TLSv1.2, TLSv1.1, TLSv1]
	ssl.endpoint.identification.algorithm = https
	ssl.key.password = null
	ssl.keymanager.algorithm = SunX509
	ssl.keystore.location = null
	ssl.keystore.password = null
	ssl.keystore.type = JKS
	ssl.protocol = TLS
	ssl.provider = null
	ssl.secure.random.implementation = null
	ssl.trustmanager.algorithm = PKIX
	ssl.truststore.location = null
	ssl.truststore.password = null
	ssl.truststore.type = JKS
	value.deserializer = class org.apache.kafka.common.serialization.StringDeserializer

20:55:32.031 logback [restartedMain] INFO  o.a.kafka.common.utils.AppInfoParser - Kafka version : 2.0.1
20:55:32.031 logback [restartedMain] INFO  o.a.kafka.common.utils.AppInfoParser - Kafka commitId : fa14705e51bd2ce5
20:55:32.032 logback [restartedMain] INFO  o.s.s.c.ThreadPoolTaskScheduler - Initializing ExecutorService
20:55:32.032 logback [restartedMain] INFO  o.s.s.quartz.SchedulerFactoryBean - Starting Quartz Scheduler now
20:55:32.045 logback [org.springframework.kafka.KafkaListenerEndpointContainer#1-0-C-1] INFO  org.apache.kafka.clients.Metadata - Cluster ID: 9RUVHYxyQ1mHbVJ7K9J2NQ
20:55:32.046 logback [org.springframework.kafka.KafkaListenerEndpointContainer#1-0-C-1] INFO  o.a.k.c.c.i.AbstractCoordinator - [Consumer clientId=consumer-4, groupId=addreplymessage] Discovered group coordinator 192.168.31.166:9092 (id: 2147483647 rack: null)
20:55:32.047 logback [org.springframework.kafka.KafkaListenerEndpointContainer#1-0-C-1] INFO  o.a.k.c.c.i.ConsumerCoordinator - [Consumer clientId=consumer-4, groupId=addreplymessage] Revoking previously assigned partitions []
20:55:32.048 logback [org.springframework.kafka.KafkaListenerEndpointContainer#1-0-C-1] INFO  o.s.k.l.KafkaMessageListenerContainer - partitions revoked: []
20:55:32.049 logback [org.springframework.kafka.KafkaListenerEndpointContainer#1-0-C-1] INFO  o.a.k.c.c.i.AbstractCoordinator - [Consumer clientId=consumer-4, groupId=addreplymessage] (Re-)joining group
20:55:32.077 logback [org.springframework.kafka.KafkaListenerEndpointContainer#1-0-C-1] INFO  o.a.k.c.c.i.AbstractCoordinator - [Consumer clientId=consumer-4, groupId=addreplymessage] Successfully joined group with generation 235
20:55:32.079 logback [org.springframework.kafka.KafkaListenerEndpointContainer#1-0-C-1] INFO  o.a.k.c.c.i.ConsumerCoordinator - [Consumer clientId=consumer-4, groupId=addreplymessage] Setting newly assigned partitions [smsreceivereplymessage-0]
20:55:32.081 logback [org.springframework.kafka.KafkaListenerEndpointContainer#1-0-C-1] INFO  o.s.k.l.KafkaMessageListenerContainer - partitions assigned: [smsreceivereplymessage-0]
20:55:32.195 logback [restartedMain] INFO  o.s.s.quartz.LocalDataSourceJobStore - Freed 0 triggers from 'acquired' / 'blocked' state.
20:55:32.205 logback [restartedMain] INFO  o.s.s.quartz.LocalDataSourceJobStore - Recovering 0 jobs that were in-progress at the time of the last shut-down.
20:55:32.205 logback [restartedMain] INFO  o.s.s.quartz.LocalDataSourceJobStore - Recovery complete.
20:55:32.206 logback [restartedMain] INFO  o.s.s.quartz.LocalDataSourceJobStore - Removed 0 'complete' triggers.
20:55:32.208 logback [restartedMain] INFO  o.s.s.quartz.LocalDataSourceJobStore - Removed 0 stale fired job entries.
20:55:35.249 logback [restartedMain] INFO  org.quartz.core.QuartzScheduler - Scheduler quartzScheduler_$_NON_CLUSTERED started.
20:55:35.425 logback [restartedMain] INFO  o.s.s.a.ScheduledAnnotationBeanPostProcessor - No TaskScheduler/ScheduledExecutorService bean found for scheduled processing
20:55:35.486 logback [restartedMain] INFO  o.a.coyote.http11.Http11NioProtocol - Starting ProtocolHandler ["http-nio-127.0.0.1-8090"]
20:55:35.626 logback [restartedMain] INFO  o.s.b.w.e.tomcat.TomcatWebServer - Tomcat started on port(s): 8090 (http) with context path ''
20:55:35.641 logback [restartedMain] INFO  work.bg.server.ServerApplicationKt - Started ServerApplicationKt in 57.338 seconds (JVM running for 62.557)
20:55:35.737 logback [restartedMain] INFO  w.b.s.c.spring.boot.model.AppModel - load model work.bg.server.core.model.BaseApp at Wed Aug 28 20:55:35 GMT+08:00 2019
20:55:35.758 logback [restartedMain] INFO  w.b.s.c.spring.boot.model.AppModel - load model work.bg.server.core.model.BasePartnerAppShortcut at Wed Aug 28 20:55:35 GMT+08:00 2019
20:55:35.773 logback [restartedMain] INFO  w.b.s.c.spring.boot.model.AppModel - load model work.bg.server.core.model.BaseModelLog at Wed Aug 28 20:55:35 GMT+08:00 2019
20:55:35.788 logback [restartedMain] INFO  w.b.s.c.spring.boot.model.AppModel - load model work.bg.server.corp.model.DepartmentCorp at Wed Aug 28 20:55:35 GMT+08:00 2019
20:55:35.805 logback [restartedMain] INFO  w.b.s.c.spring.boot.model.AppModel - load model work.bg.server.chat.model.ChatPartner at Wed Aug 28 20:55:35 GMT+08:00 2019
20:55:35.827 logback [restartedMain] INFO  w.b.s.c.spring.boot.model.AppModel - load model work.bg.server.core.model.BasePartnerRole at Wed Aug 28 20:55:35 GMT+08:00 2019
20:55:35.842 logback [restartedMain] INFO  w.b.s.c.spring.boot.model.AppModel - load model work.bg.server.core.model.BaseCorpPartnerRel at Wed Aug 28 20:55:35 GMT+08:00 2019
20:55:35.859 logback [restartedMain] INFO  w.b.s.c.spring.boot.model.AppModel - load model work.bg.server.product.model.ProductAttributeValueMap at Wed Aug 28 20:55:35 GMT+08:00 2019
20:55:35.874 logback [restartedMain] INFO  w.b.s.c.spring.boot.model.AppModel - load model work.bg.server.product.model.ProductSKUPattern at Wed Aug 28 20:55:35 GMT+08:00 2019
20:55:35.889 logback [restartedMain] INFO  w.b.s.c.spring.boot.model.AppModel - load model work.bg.server.crm.model.CrmProduct at Wed Aug 28 20:55:35 GMT+08:00 2019
20:55:35.903 logback [restartedMain] INFO  w.b.s.c.spring.boot.model.AppModel - load model work.bg.server.product.model.ProductUOM at Wed Aug 28 20:55:35 GMT+08:00 2019
20:55:35.918 logback [restartedMain] INFO  w.b.s.c.spring.boot.model.AppModel - load model work.bg.server.product.model.ProductAttributeValue at Wed Aug 28 20:55:35 GMT+08:00 2019
20:55:35.934 logback [restartedMain] INFO  w.b.s.c.spring.boot.model.AppModel - load model work.bg.server.product.model.ProductAttribute at Wed Aug 28 20:55:35 GMT+08:00 2019
20:55:35.951 logback [restartedMain] INFO  w.b.s.c.spring.boot.model.AppModel - load model work.bg.server.worktable.model.Worktable at Wed Aug 28 20:55:35 GMT+08:00 2019
20:55:35.967 logback [restartedMain] INFO  w.b.s.c.spring.boot.model.AppModel - load model work.bg.server.corp.model.DepartmentPartnerRel at Wed Aug 28 20:55:35 GMT+08:00 2019
20:55:35.985 logback [restartedMain] INFO  w.b.s.c.spring.boot.model.AppModel - load model work.bg.server.corp.model.Department at Wed Aug 28 20:55:35 GMT+08:00 2019
20:55:36.002 logback [restartedMain] INFO  w.b.s.c.spring.boot.model.AppModel - load model work.bg.server.chat.model.ChatChannelMessage at Wed Aug 28 20:55:36 GMT+08:00 2019
20:55:36.019 logback [restartedMain] INFO  w.b.s.c.spring.boot.model.AppModel - load model work.bg.server.chat.model.Chat at Wed Aug 28 20:55:36 GMT+08:00 2019
20:55:36.034 logback [restartedMain] INFO  w.b.s.c.spring.boot.model.AppModel - load model work.bg.server.chat.model.ChatChannel at Wed Aug 28 20:55:36 GMT+08:00 2019
20:55:36.049 logback [restartedMain] INFO  w.b.s.c.spring.boot.model.AppModel - load model work.bg.server.chat.model.ChatModelJoinChannelRel at Wed Aug 28 20:55:36 GMT+08:00 2019
20:55:36.064 logback [restartedMain] INFO  w.b.s.c.spring.boot.model.AppModel - load model work.bg.server.sms.model.SmsSendJobLog at Wed Aug 28 20:55:36 GMT+08:00 2019
20:55:36.078 logback [restartedMain] INFO  w.b.s.c.spring.boot.model.AppModel - load model work.bg.server.sms.model.SmsTimerQueue at Wed Aug 28 20:55:36 GMT+08:00 2019
20:55:36.092 logback [restartedMain] INFO  w.b.s.c.spring.boot.model.AppModel - load model work.bg.server.sms.model.Sms at Wed Aug 28 20:55:36 GMT+08:00 2019
20:55:36.107 logback [restartedMain] INFO  w.b.s.c.spring.boot.model.AppModel - load model work.bg.server.sms.model.SmsSetting at Wed Aug 28 20:55:36 GMT+08:00 2019
20:55:36.121 logback [restartedMain] INFO  w.b.s.c.spring.boot.model.AppModel - load model work.bg.server.sms.model.SmsSendHistory at Wed Aug 28 20:55:36 GMT+08:00 2019
20:55:36.135 logback [restartedMain] INFO  w.b.s.c.spring.boot.model.AppModel - load model work.bg.server.account.model.AccountReceivable at Wed Aug 28 20:55:36 GMT+08:00 2019
20:55:36.150 logback [restartedMain] INFO  w.b.s.c.spring.boot.model.AppModel - load model work.bg.server.account.model.AccountCustomerOrderInvoice at Wed Aug 28 20:55:36 GMT+08:00 2019
20:55:36.165 logback [restartedMain] INFO  w.b.s.c.spring.boot.model.AppModel - load model work.bg.server.account.model.AccountPayable at Wed Aug 28 20:55:36 GMT+08:00 2019
20:55:36.179 logback [restartedMain] INFO  w.b.s.c.spring.boot.model.AppModel - load model work.bg.server.crm.model.CustomerContactAddress at Wed Aug 28 20:55:36 GMT+08:00 2019
20:55:36.194 logback [restartedMain] INFO  w.b.s.c.spring.boot.model.AppModel - load model work.bg.server.crm.model.CustomerOpportunityOrderQuotation at Wed Aug 28 20:55:36 GMT+08:00 2019
20:55:36.209 logback [restartedMain] INFO  w.b.s.c.spring.boot.model.AppModel - load model work.bg.server.crm.model.CrmPartnerLeadRel at Wed Aug 28 20:55:36 GMT+08:00 2019
20:55:36.223 logback [restartedMain] INFO  w.b.s.c.spring.boot.model.AppModel - load model work.bg.server.crm.model.LeadCustomerCommunicationHistory at Wed Aug 28 20:55:36 GMT+08:00 2019
20:55:36.238 logback [restartedMain] INFO  w.b.s.c.spring.boot.model.AppModel - load model work.bg.server.crm.model.LeadInteractionStatus at Wed Aug 28 20:55:36 GMT+08:00 2019
20:55:36.253 logback [restartedMain] INFO  w.b.s.c.spring.boot.model.AppModel - load model work.bg.server.crm.model.CustomerOrder at Wed Aug 28 20:55:36 GMT+08:00 2019
20:55:36.267 logback [restartedMain] INFO  w.b.s.c.spring.boot.model.AppModel - load model work.bg.server.crm.model.CrmPartnerEventRel at Wed Aug 28 20:55:36 GMT+08:00 2019
20:55:36.281 logback [restartedMain] INFO  w.b.s.c.spring.boot.model.AppModel - load model work.bg.server.crm.model.CustomerOpportunityOrderQuotationTemplate at Wed Aug 28 20:55:36 GMT+08:00 2019
20:55:36.296 logback [restartedMain] INFO  w.b.s.c.spring.boot.model.AppModel - load model work.bg.server.crm.model.CrmCustomerOpportunityOrderProductRel at Wed Aug 28 20:55:36 GMT+08:00 2019
20:55:36.311 logback [restartedMain] INFO  w.b.s.c.spring.boot.model.AppModel - load model work.bg.server.crm.model.CrmPartnerCustomerRel at Wed Aug 28 20:55:36 GMT+08:00 2019
20:55:36.325 logback [restartedMain] INFO  w.b.s.c.spring.boot.model.AppModel - load model work.bg.server.crm.model.CustomerOpportunity at Wed Aug 28 20:55:36 GMT+08:00 2019
20:55:36.339 logback [restartedMain] INFO  w.b.s.c.spring.boot.model.AppModel - load model work.bg.server.crm.model.Lead at Wed Aug 28 20:55:36 GMT+08:00 2019
20:55:36.354 logback [restartedMain] INFO  w.b.s.c.spring.boot.model.AppModel - load model work.bg.server.crm.model.Event at Wed Aug 28 20:55:36 GMT+08:00 2019
20:55:36.370 logback [restartedMain] INFO  w.b.s.c.spring.boot.model.AppModel - load model work.bg.server.crm.model.Customer at Wed Aug 28 20:55:36 GMT+08:00 2019
20:55:43.264 logback [restartedMain] INFO  work.bg.server.chat.Server - start chat server at Wed Aug 28 20:55:43 GMT+08:00 2019
20:55:45.044 logback [vert.x-eventloop-thread-2] INFO  work.bg.server.chat.Server - model client  hub verticle start success
20:55:46.395 logback [vert.x-eventloop-thread-3] INFO  work.bg.server.chat.Server - chat server verticle start success
20:55:46.443 logback [vert.x-eventloop-thread-0] INFO  w.b.s.c.verticle.HttpServerVerticle - chat http server port 8088 success
20:55:53.639 logback [http-nio-127.0.0.1-8090-exec-1] INFO  o.a.c.c.C.[Tomcat].[localhost].[/] - Initializing Spring DispatcherServlet 'dispatcherServlet'
20:55:53.640 logback [http-nio-127.0.0.1-8090-exec-1] INFO  o.s.web.servlet.DispatcherServlet - Initializing Servlet 'dispatcherServlet'
20:55:53.769 logback [http-nio-127.0.0.1-8090-exec-1] INFO  o.s.web.servlet.DispatcherServlet - Completed initialization in 129 ms
20:55:58.577 logback [vertx-blocked-thread-checker] WARN  i.v.core.impl.BlockedThreadChecker - Thread Thread[vert.x-eventloop-thread-0,5,main] has been blocked for 3931 ms, time limit is 2000 ms
20:56:00.459 logback [vert.x-eventloop-thread-0] TRACE io.vertx.ext.web.impl.RouterImpl - Router: 1612841284 accepting request GET http://localhost:8088/eventbus/info?t=1566996953193
20:56:04.746 logback [vertx-blocked-thread-checker] WARN  i.v.core.impl.BlockedThreadChecker - Thread Thread[vert.x-eventloop-thread-0,5,main] has been blocked for 4299 ms, time limit is 2000 ms
20:56:05.423 logback [http-nio-127.0.0.1-8090-exec-2] INFO  w.bg.server.core.ResetRequestFilter - 

            Logging Request method =  GET  url =  /sockjs-node/911/i02clvwc/websocket  body = 
            ====>Response : content-type = null ret body = "
        
20:56:05.708 logback [http-nio-127.0.0.1-8090-exec-6] ERROR w.b.s.c.spring.boot.model.AppModel - core - modelLog - loadModelViewType error: org.springframework.validation.BindException: org.springframework.validation.BeanPropertyBindingResult: 3 errors
Field error in object 'partnerCache' on field 'partnerID': rejected value [null]; codes [typeMismatch.partnerCache.partnerID,typeMismatch.partnerID,typeMismatch.long,typeMismatch]; arguments [org.springframework.context.support.DefaultMessageSourceResolvable: codes [partnerCache.partnerID,partnerID]; arguments []; default message [partnerID]]; default message [Failed to convert value of type 'null' to required type 'long'; nested exception is org.springframework.core.convert.ConversionFailedException: Failed to convert from type [null] to type [long] for value 'null'; nested exception is java.lang.IllegalArgumentException: A null value cannot be assigned to a primitive type]
Field error in object 'partnerCache' on field 'corpID': rejected value [null]; codes [typeMismatch.partnerCache.corpID,typeMismatch.corpID,typeMismatch.long,typeMismatch]; arguments [org.springframework.context.support.DefaultMessageSourceResolvable: codes [partnerCache.corpID,corpID]; arguments []; default message [corpID]]; default message [Failed to convert value of type 'null' to required type 'long'; nested exception is org.springframework.core.convert.ConversionFailedException: Failed to convert from type [null] to type [long] for value 'null'; nested exception is java.lang.IllegalArgumentException: A null value cannot be assigned to a primitive type]
Field error in object 'partnerCache' on field 'roleID': rejected value [null]; codes [typeMismatch.partnerCache.roleID,typeMismatch.roleID,typeMismatch.long,typeMismatch]; arguments [org.springframework.context.support.DefaultMessageSourceResolvable: codes [partnerCache.roleID,roleID]; arguments []; default message [roleID]]; default message [Failed to convert value of type 'null' to required type 'long'; nested exception is org.springframework.core.convert.ConversionFailedException: Failed to convert from type [null] to type [long] for value 'null'; nested exception is java.lang.IllegalArgumentException: A null value cannot be assigned to a primitive type]
20:56:37.005 logback [HikariPool-1 housekeeper] WARN  com.zaxxer.hikari.pool.HikariPool - HikariPool-1 - Thread starvation or clock leap detected (housekeeper delta=1m685ms627µs601ns).
20:56:37.005 logback [http-nio-127.0.0.1-8090-exec-6] INFO  w.bg.server.core.ResetRequestFilter - 

            Logging Request method =  POST  url =  /ac/core/modelLog/loadModelViewType  body = {"viewType":"list","reqData":{"app":"core","model":"modelLog","pageIndex":1,"pageSize":10}}
            ====>Response : content-type = null ret body = "
        
20:56:37.017 logback [org.springframework.kafka.KafkaListenerEndpointContainer#1-0-C-1] INFO  o.a.k.clients.FetchSessionHandler - [Consumer clientId=consumer-4, groupId=addreplymessage] Error sending fetch request (sessionId=611603494, epoch=48) to node 0: org.apache.kafka.common.errors.DisconnectException.
20:56:37.017 logback [org.springframework.kafka.KafkaListenerEndpointContainer#0-0-C-1] INFO  o.a.k.clients.FetchSessionHandler - [Consumer clientId=consumer-2, groupId=updatesmssendhistorystatus] Error sending fetch request (sessionId=337448017, epoch=48) to node 0: org.apache.kafka.common.errors.DisconnectException.
20:56:37.018 logback [kafka-coordinator-heartbeat-thread | addreplymessage] INFO  o.a.k.c.c.i.AbstractCoordinator - [Consumer clientId=consumer-4, groupId=addreplymessage] Group coordinator 192.168.31.166:9092 (id: 2147483647 rack: null) is unavailable or invalid, will attempt rediscovery
20:56:37.018 logback [kafka-coordinator-heartbeat-thread | updatesmssendhistorystatus] INFO  o.a.k.c.c.i.AbstractCoordinator - [Consumer clientId=consumer-2, groupId=updatesmssendhistorystatus] Group coordinator 192.168.31.166:9092 (id: 2147483647 rack: null) is unavailable or invalid, will attempt rediscovery
20:56:37.025 logback [org.springframework.kafka.KafkaListenerEndpointContainer#1-0-C-1] INFO  o.a.k.c.c.i.AbstractCoordinator - [Consumer clientId=consumer-4, groupId=addreplymessage] Discovered group coordinator 192.168.31.166:9092 (id: 2147483647 rack: null)
20:56:37.025 logback [org.springframework.kafka.KafkaListenerEndpointContainer#1-0-C-1] INFO  o.a.k.c.c.i.AbstractCoordinator - [Consumer clientId=consumer-4, groupId=addreplymessage] Group coordinator 192.168.31.166:9092 (id: 2147483647 rack: null) is unavailable or invalid, will attempt rediscovery
20:56:37.026 logback [org.springframework.kafka.KafkaListenerEndpointContainer#0-0-C-1] INFO  o.a.k.c.c.i.AbstractCoordinator - [Consumer clientId=consumer-2, groupId=updatesmssendhistorystatus] Discovered group coordinator 192.168.31.166:9092 (id: 2147483647 rack: null)
20:56:37.026 logback [org.springframework.kafka.KafkaListenerEndpointContainer#0-0-C-1] INFO  o.a.k.c.c.i.AbstractCoordinator - [Consumer clientId=consumer-2, groupId=updatesmssendhistorystatus] Group coordinator 192.168.31.166:9092 (id: 2147483647 rack: null) is unavailable or invalid, will attempt rediscovery
20:56:37.128 logback [org.springframework.kafka.KafkaListenerEndpointContainer#0-0-C-1] INFO  o.a.k.c.c.i.AbstractCoordinator - [Consumer clientId=consumer-2, groupId=updatesmssendhistorystatus] Discovered group coordinator 192.168.31.166:9092 (id: 2147483647 rack: null)
20:56:37.128 logback [org.springframework.kafka.KafkaListenerEndpointContainer#1-0-C-1] INFO  o.a.k.c.c.i.AbstractCoordinator - [Consumer clientId=consumer-4, groupId=addreplymessage] Discovered group coordinator 192.168.31.166:9092 (id: 2147483647 rack: null)
20:56:37.139 logback [org.springframework.kafka.KafkaListenerEndpointContainer#1-0-C-1] ERROR o.a.k.c.c.i.ConsumerCoordinator - [Consumer clientId=consumer-4, groupId=addreplymessage] Offset commit failed on partition smsreceivereplymessage-0 at offset 0: The coordinator is not aware of this member.
20:56:37.139 logback [org.springframework.kafka.KafkaListenerEndpointContainer#0-0-C-1] ERROR o.a.k.c.c.i.ConsumerCoordinator - [Consumer clientId=consumer-2, groupId=updatesmssendhistorystatus] Offset commit failed on partition smsreceivesubmitanddeliverstatus-0 at offset 0: The coordinator is not aware of this member.
20:56:37.139 logback [org.springframework.kafka.KafkaListenerEndpointContainer#1-0-C-1] WARN  o.a.k.c.c.i.ConsumerCoordinator - [Consumer clientId=consumer-4, groupId=addreplymessage] Asynchronous auto-commit of offsets {smsreceivereplymessage-0=OffsetAndMetadata{offset=0, metadata=''}} failed: Commit cannot be completed since the group has already rebalanced and assigned the partitions to another member. This means that the time between subsequent calls to poll() was longer than the configured max.poll.interval.ms, which typically implies that the poll loop is spending too much time message processing. You can address this either by increasing the session timeout or by reducing the maximum size of batches returned in poll() with max.poll.records.
20:56:37.139 logback [org.springframework.kafka.KafkaListenerEndpointContainer#0-0-C-1] WARN  o.a.k.c.c.i.ConsumerCoordinator - [Consumer clientId=consumer-2, groupId=updatesmssendhistorystatus] Asynchronous auto-commit of offsets {smsreceivesubmitanddeliverstatus-0=OffsetAndMetadata{offset=0, metadata=''}} failed: Commit cannot be completed since the group has already rebalanced and assigned the partitions to another member. This means that the time between subsequent calls to poll() was longer than the configured max.poll.interval.ms, which typically implies that the poll loop is spending too much time message processing. You can address this either by increasing the session timeout or by reducing the maximum size of batches returned in poll() with max.poll.records.
20:56:37.140 logback [org.springframework.kafka.KafkaListenerEndpointContainer#1-0-C-1] WARN  o.a.k.c.c.i.ConsumerCoordinator - [Consumer clientId=consumer-4, groupId=addreplymessage] Synchronous auto-commit of offsets {smsreceivereplymessage-0=OffsetAndMetadata{offset=0, metadata=''}} failed: Commit cannot be completed since the group has already rebalanced and assigned the partitions to another member. This means that the time between subsequent calls to poll() was longer than the configured max.poll.interval.ms, which typically implies that the poll loop is spending too much time message processing. You can address this either by increasing the session timeout or by reducing the maximum size of batches returned in poll() with max.poll.records.
20:56:37.140 logback [org.springframework.kafka.KafkaListenerEndpointContainer#0-0-C-1] WARN  o.a.k.c.c.i.ConsumerCoordinator - [Consumer clientId=consumer-2, groupId=updatesmssendhistorystatus] Synchronous auto-commit of offsets {smsreceivesubmitanddeliverstatus-0=OffsetAndMetadata{offset=0, metadata=''}} failed: Commit cannot be completed since the group has already rebalanced and assigned the partitions to another member. This means that the time between subsequent calls to poll() was longer than the configured max.poll.interval.ms, which typically implies that the poll loop is spending too much time message processing. You can address this either by increasing the session timeout or by reducing the maximum size of batches returned in poll() with max.poll.records.
20:56:37.140 logback [org.springframework.kafka.KafkaListenerEndpointContainer#1-0-C-1] INFO  o.a.k.c.c.i.ConsumerCoordinator - [Consumer clientId=consumer-4, groupId=addreplymessage] Revoking previously assigned partitions [smsreceivereplymessage-0]
20:56:37.140 logback [org.springframework.kafka.KafkaListenerEndpointContainer#0-0-C-1] INFO  o.a.k.c.c.i.ConsumerCoordinator - [Consumer clientId=consumer-2, groupId=updatesmssendhistorystatus] Revoking previously assigned partitions [smsreceivesubmitanddeliverstatus-0]
20:56:37.141 logback [org.springframework.kafka.KafkaListenerEndpointContainer#1-0-C-1] INFO  o.s.k.l.KafkaMessageListenerContainer - partitions revoked: [smsreceivereplymessage-0]
20:56:37.141 logback [org.springframework.kafka.KafkaListenerEndpointContainer#0-0-C-1] INFO  o.s.k.l.KafkaMessageListenerContainer - partitions revoked: [smsreceivesubmitanddeliverstatus-0]
20:56:37.141 logback [org.springframework.kafka.KafkaListenerEndpointContainer#1-0-C-1] INFO  o.a.k.c.c.i.AbstractCoordinator - [Consumer clientId=consumer-4, groupId=addreplymessage] (Re-)joining group
20:56:37.141 logback [org.springframework.kafka.KafkaListenerEndpointContainer#0-0-C-1] INFO  o.a.k.c.c.i.AbstractCoordinator - [Consumer clientId=consumer-2, groupId=updatesmssendhistorystatus] (Re-)joining group
20:56:37.159 logback [org.springframework.kafka.KafkaListenerEndpointContainer#1-0-C-1] INFO  o.a.k.c.c.i.AbstractCoordinator - [Consumer clientId=consumer-4, groupId=addreplymessage] Successfully joined group with generation 237
20:56:37.159 logback [org.springframework.kafka.KafkaListenerEndpointContainer#0-0-C-1] INFO  o.a.k.c.c.i.AbstractCoordinator - [Consumer clientId=consumer-2, groupId=updatesmssendhistorystatus] Successfully joined group with generation 244
20:56:37.159 logback [org.springframework.kafka.KafkaListenerEndpointContainer#1-0-C-1] INFO  o.a.k.c.c.i.ConsumerCoordinator - [Consumer clientId=consumer-4, groupId=addreplymessage] Setting newly assigned partitions [smsreceivereplymessage-0]
20:56:37.160 logback [org.springframework.kafka.KafkaListenerEndpointContainer#0-0-C-1] INFO  o.a.k.c.c.i.ConsumerCoordinator - [Consumer clientId=consumer-2, groupId=updatesmssendhistorystatus] Setting newly assigned partitions [smsreceivesubmitanddeliverstatus-0]
20:56:37.162 logback [org.springframework.kafka.KafkaListenerEndpointContainer#1-0-C-1] INFO  o.s.k.l.KafkaMessageListenerContainer - partitions assigned: [smsreceivereplymessage-0]
20:56:37.162 logback [org.springframework.kafka.KafkaListenerEndpointContainer#0-0-C-1] INFO  o.s.k.l.KafkaMessageListenerContainer - partitions assigned: [smsreceivesubmitanddeliverstatus-0]
